Build started 4/21/2013 2:03:17 AM.
     1>Project "D:\Studium\Grafikprogrammierung\Projekt\gitreps\Grafikproggen\Graphics\Graphics.vcxproj" on node 2 (build target(s)).
     1>C:\Program Files (x86)\MSBuild\Microsoft.Cpp\v4.0\Microsoft.CppBuild.targets(299,5): warning MSB8004: Output Directory does not end with a trailing slash.  This build instance will add the slash as it is required to allow proper evaluation of the Output Directory.
     1>InitializeBuildStatus:
         Touching "Debug\Graphics.unsuccessfulbuild".
       ClCompile:
         C:\Program Files (x86)\Microsoft Visual Studio 10.0\VC\bin\CL.exe /c /ZI /nologo /W3 /WX- /Od /Oy- /D _MBCS /Gm /EHsc /RTC1 /MTd /GS /fp:precise /Zc:wchar_t /Zc:forScope /Fo"Debug\\" /Fd"Debug\vc100.pdb" /Gd /TP /analyze- /errorReport:prompt Drawable.cpp GKSCircle.cpp GKSDrawable.cpp GKSLine.cpp GKSPoint.cpp
         Drawable.cpp
     1>d:\studium\grafikprogrammierung\projekt\gitreps\grafikproggen\graphics\database.h(11): error C2061: syntax error : identifier 'Drawable'
     1>d:\studium\grafikprogrammierung\projekt\gitreps\grafikproggen\graphics\database.h(12): error C2061: syntax error : identifier 'Drawable'
     1>d:\studium\grafikprogrammierung\projekt\gitreps\grafikproggen\graphics\database.h(14): error C2061: syntax error : identifier 'Drawable'
     1>d:\studium\grafikprogrammierung\projekt\gitreps\grafikproggen\graphics\database.h(16): error C2143: syntax error : missing ';' before '*'
     1>d:\studium\grafikprogrammierung\projekt\gitreps\grafikproggen\graphics\database.h(16): error C4430: missing type specifier - int assumed. Note: C++ does not support default-int
     1>d:\studium\grafikprogrammierung\projekt\gitreps\grafikproggen\graphics\database.h(16): error C4430: missing type specifier - int assumed. Note: C++ does not support default-int
     1>d:\studium\grafikprogrammierung\projekt\gitreps\grafikproggen\graphics\database.h(16): warning C4183: 'searchObject': missing return type; assumed to be a member function returning 'int'
     1>d:\studium\grafikprogrammierung\projekt\gitreps\grafikproggen\graphics\database.h(22): error C2061: syntax error : identifier 'Drawable'
     1>d:\studium\grafikprogrammierung\projekt\gitreps\grafikproggen\graphics\database.h(23): error C2065: 'Drawable' : undeclared identifier
     1>d:\studium\grafikprogrammierung\projekt\gitreps\grafikproggen\graphics\database.h(23): error C2059: syntax error : '>'
     1>d:\studium\grafikprogrammierung\projekt\gitreps\grafikproggen\graphics\database.h(24): error C2143: syntax error : missing ';' before '}'
     1>d:\studium\grafikprogrammierung\projekt\gitreps\grafikproggen\graphics\geoobject.h(5): error C2143: syntax error : missing ';' before '{'
     1>d:\studium\grafikprogrammierung\projekt\gitreps\grafikproggen\graphics\geoobject.h(16): error C2143: syntax error : missing ';' before '}'
     1>d:\studium\grafikprogrammierung\projekt\gitreps\grafikproggen\graphics\punkt.h(5): error C2143: syntax error : missing ';' before '{'
     1>d:\studium\grafikprogrammierung\projekt\gitreps\grafikproggen\graphics\punkt.h(12): error C2065: 'CPunkt' : undeclared identifier
     1>d:\studium\grafikprogrammierung\projekt\gitreps\grafikproggen\graphics\punkt.h(13): error C2065: 'CPunkt' : undeclared identifier
     1>d:\studium\grafikprogrammierung\projekt\gitreps\grafikproggen\graphics\punkt.h(14): error C2065: 'CPunkt' : undeclared identifier
     1>d:\studium\grafikprogrammierung\projekt\gitreps\grafikproggen\graphics\punkt.h(20): error C2143: syntax error : missing ';' before '}'
     1>d:\studium\grafikprogrammierung\projekt\gitreps\grafikproggen\graphics\drawable.h(6): error C2143: syntax error : missing ';' before '{'
     1>d:\studium\grafikprogrammierung\projekt\gitreps\grafikproggen\graphics\drawable.h(14): error C2065: 'CPunkt' : undeclared identifier
     1>d:\studium\grafikprogrammierung\projekt\gitreps\grafikproggen\graphics\drawable.h(15): error C2065: 'CPunkt' : undeclared identifier
     1>d:\studium\grafikprogrammierung\projekt\gitreps\grafikproggen\graphics\drawable.h(16): error C4430: missing type specifier - int assumed. Note: C++ does not support default-int
     1>d:\studium\grafikprogrammierung\projekt\gitreps\grafikproggen\graphics\drawable.h(26): error C2143: syntax error : missing ';' before '}'
     1>c:\program files (x86)\microsoft visual studio 10.0\vc\include\locale.h(28): error C2143: syntax error : missing ';' before '{'
     1>c:\program files (x86)\microsoft visual studio 10.0\vc\include\locale.h(55): error C2143: syntax error : missing ';' before '{'
     1>c:\program files (x86)\microsoft visual studio 10.0\vc\include\locale.h(82): error C2143: syntax error : missing ';' before '}'
     1>c:\program files (x86)\microsoft visual studio 10.0\vc\include\locale.h(129): error C2143: syntax error : missing ';' before '}'
     1>c:\program files (x86)\microsoft visual studio 10.0\vc\include\xlocinfo.h(16): error C2143: syntax error : missing ';' before '{'
     1>c:\program files (x86)\microsoft visual studio 10.0\vc\include\xlocinfo.h(52): error C2143: syntax error : missing ';' before '{'
     1>c:\program files (x86)\microsoft visual studio 10.0\vc\include\xlocinfo.h(55): error C2143: syntax error : missing ';' before '}'
     1>c:\program files (x86)\microsoft visual studio 10.0\vc\include\xlocinfo.h(58): error C2143: syntax error : missing ';' before '{'
     1>c:\program files (x86)\microsoft visual studio 10.0\vc\include\xlocinfo.h(63): error C2143: syntax error : missing ';' before '}'
     1>c:\program files (x86)\microsoft visual studio 10.0\vc\include\xlocinfo.h(66): error C2143: syntax error : missing ';' before '{'
     1>c:\program files (x86)\microsoft visual studio 10.0\vc\include\xlocinfo.h(69): error C2143: syntax error : missing ';' before '}'
     1>c:\program files (x86)\microsoft visual studio 10.0\vc\include\xlocinfo.h(83): error C4430: missing type specifier - int assumed. Note: C++ does not support default-int
     1>c:\program files (x86)\microsoft visual studio 10.0\vc\include\xlocinfo.h(83): error C2146: syntax error : missing ',' before identifier '_Cvtvec'
     1>c:\program files (x86)\microsoft visual studio 10.0\vc\include\xlocinfo.h(83): error C2065: '_Cvtvec' : undeclared identifier
     1>c:\program files (x86)\microsoft visual studio 10.0\vc\include\xlocinfo.h(83): error C2059: syntax error : ')'
     1>c:\program files (x86)\microsoft visual studio 10.0\vc\include\xlocinfo.h(86): error C2143: syntax error : missing ',' before ')'
     1>c:\program files (x86)\microsoft visual studio 10.0\vc\include\xlocinfo.h(87): error C2143: syntax error : missing ',' before ')'
     1>c:\program files (x86)\microsoft visual studio 10.0\vc\include\xlocinfo.h(89): error C2143: syntax error : missing ',' before ')'
     1>c:\program files (x86)\microsoft visual studio 10.0\vc\include\xlocinfo.h(94): error C2146: syntax error : missing ',' before identifier '_End1'
     1>c:\program files (x86)\microsoft visual studio 10.0\vc\include\xlocinfo.h(94): error C2065: '_End1' : undeclared identifier
     1>c:\program files (x86)\microsoft visual studio 10.0\vc\include\xlocinfo.h(94): error C4430: missing type specifier - int assumed. Note: C++ does not support default-int
     1>c:\program files (x86)\microsoft visual studio 10.0\vc\include\xlocinfo.h(94): error C2146: syntax error : missing ',' before identifier '_Collvec'
     1>c:\program files (x86)\microsoft visual studio 10.0\vc\include\xlocinfo.h(94): error C2065: '_Collvec' : undeclared identifier
     1>c:\program files (x86)\microsoft visual studio 10.0\vc\include\xlocinfo.h(94): error C2059: syntax error : ')'
     1>c:\program files (x86)\microsoft visual studio 10.0\vc\include\xlocinfo.h(98): error C4430: missing type specifier - int assumed. Note: C++ does not support default-int
     1>c:\program files (x86)\microsoft visual studio 10.0\vc\include\xlocinfo.h(98): error C2146: syntax error : missing ',' before identifier '_Cvtvec'
     1>c:\program files (x86)\microsoft visual studio 10.0\vc\include\xlocinfo.h(98): error C2065: '_Cvtvec' : undeclared identifier
     1>c:\program files (x86)\microsoft visual studio 10.0\vc\include\xlocinfo.h(98): error C2059: syntax error : ')'
     1>c:\program files (x86)\microsoft visual studio 10.0\vc\include\xlocinfo.h(104): error C2146: syntax error : missing ',' before identifier '_End1'
     1>c:\program files (x86)\microsoft visual studio 10.0\vc\include\xlocinfo.h(104): error C2065: '_End1' : undeclared identifier
     1>c:\program files (x86)\microsoft visual studio 10.0\vc\include\xlocinfo.h(104): error C4430: missing type specifier - int assumed. Note: C++ does not support default-int
     1>c:\program files (x86)\microsoft visual studio 10.0\vc\include\xlocinfo.h(104): error C2146: syntax error : missing ',' before identifier '_Collvec'
     1>c:\program files (x86)\microsoft visual studio 10.0\vc\include\xlocinfo.h(104): error C2065: '_Collvec' : undeclared identifier
     1>c:\program files (x86)\microsoft visual studio 10.0\vc\include\xlocinfo.h(104): error C2059: syntax error : ')'
     1>c:\program files (x86)\microsoft visual studio 10.0\vc\include\xlocinfo.h(108): error C4430: missing type specifier - int assumed. Note: C++ does not support default-int
     1>c:\program files (x86)\microsoft visual studio 10.0\vc\include\xlocinfo.h(108): error C2146: syntax error : missing ',' before identifier '_Ctypevec'
     1>c:\program files (x86)\microsoft visual studio 10.0\vc\include\xlocinfo.h(108): error C2065: '_Ctypevec' : undeclared identifier
     1>c:\program files (x86)\microsoft visual studio 10.0\vc\include\xlocinfo.h(108): error C2059: syntax error : ')'
     1>c:\program files (x86)\microsoft visual studio 10.0\vc\include\xlocinfo.h(112): error C2143: syntax error : missing ';' before '}'
     1>c:\program files (x86)\microsoft visual studio 10.0\vc\include\xlocinfo.h(116): error C2143: syntax error : missing ';' before '{'
     1>c:\program files (x86)\microsoft visual studio 10.0\vc\include\xlocinfo.h(122): error C2143: syntax error : missing ',' before ')'
     1>c:\program files (x86)\microsoft visual studio 10.0\vc\include\xlocinfo.h(123): error C2143: syntax error : missing ';' before '}'
     1>c:\program files (x86)\microsoft visual studio 10.0\vc\include\xlocinfo(14): error C2143: syntax error : missing ';' before '{'
     1>c:\program files (x86)\microsoft visual studio 10.0\vc\include\xlocinfo(18): error C2143: syntax error : missing ';' before '{'
     1>c:\program files (x86)\microsoft visual studio 10.0\vc\include\xlocinfo(22): error C2143: syntax error : missing ';' before '{'
     1>c:\program files (x86)\microsoft visual studio 10.0\vc\include\xlocinfo(23): error C2143: syntax error : missing ';' before '}'
     1>c:\program files (x86)\microsoft visual studio 10.0\vc\include\xlocinfo(26): error C2143: syntax error : missing ';' before '{'
     1>c:\program files (x86)\microsoft visual studio 10.0\vc\include\xlocinfo(28): error C2143: syntax error : missing ';' before '}'
     1>c:\program files (x86)\microsoft visual studio 10.0\vc\include\xlocinfo(31): error C2143: syntax error : missing ';' before '{'
     1>c:\program files (x86)\microsoft visual studio 10.0\vc\include\xlocinfo(33): error C2143: syntax error : missing ';' before '}'
     1>c:\program files (x86)\microsoft visual studio 10.0\vc\include\xlocinfo(36): error C2143: syntax error : missing ';' before '{'
     1>c:\program files (x86)\microsoft visual studio 10.0\vc\include\xlocinfo(40): error C2143: syntax error : missing ';' before '}'
     1>c:\program files (x86)\microsoft visual studio 10.0\vc\include\xlocinfo(43): error C2143: syntax error : missing ';' before '{'
     1>c:\program files (x86)\microsoft visual studio 10.0\vc\include\xlocinfo(45): error C2143: syntax error : missing ';' before '}'
     1>c:\program files (x86)\microsoft visual studio 10.0\vc\include\xlocinfo(49): error C2143: syntax error : missing ';' before '}'
     1>c:\program files (x86)\microsoft visual studio 10.0\vc\include\xlocinfo(57): error C2143: syntax error : missing ';' before '{'
     1>c:\program files (x86)\microsoft visual studio 10.0\vc\include\xlocinfo(59): error C2039: '_Collvec' : is not a member of '`global namespace''
     1>c:\program files (x86)\microsoft visual studio 10.0\vc\include\xlocinfo(60): error C2039: '_Ctypevec' : is not a member of '`global namespace''
     1>c:\program files (x86)\microsoft visual studio 10.0\vc\include\xlocinfo(61): error C2039: '_Cvtvec' : is not a member of '`global namespace''
     1>c:\program files (x86)\microsoft visual studio 10.0\vc\include\xlocinfo(62): error C2039: '_Timevec' : is not a member of 'std'
     1>c:\program files (x86)\microsoft visual studio 10.0\vc\include\xlocinfo(67): error C2143: syntax error : missing ',' before ')'
     1>c:\program files (x86)\microsoft visual studio 10.0\vc\include\xlocinfo(70): error C2143: syntax error : missing ',' before ')'
     1>c:\program files (x86)\microsoft visual studio 10.0\vc\include\xlocinfo(76): error C2143: syntax error : missing ';' before '{'
     1>c:\program files (x86)\microsoft visual studio 10.0\vc\include\xlocinfo(79): error C2065: '_Pch' : undeclared identifier
     1>c:\program files (x86)\microsoft visual studio 10.0\vc\include\xlocinfo(80): error C2143: syntax error : missing ';' before '}'
     1>c:\program files (x86)\microsoft visual studio 10.0\vc\include\xlocinfo(86): error C2143: syntax error : missing ';' before '{'
     1>c:\program files (x86)\microsoft visual studio 10.0\vc\include\xlocinfo(89): error C2065: '_Cat' : undeclared identifier
     1>c:\program files (x86)\microsoft visual studio 10.0\vc\include\xlocinfo(89): error C2065: '_Pch' : undeclared identifier
     1>c:\program files (x86)\microsoft visual studio 10.0\vc\include\xlocinfo(89): error C2143: syntax error : missing ',' before ')'
     1>c:\program files (x86)\microsoft visual studio 10.0\vc\include\xlocinfo(90): error C2143: syntax error : missing ';' before '}'
     1>c:\program files (x86)\microsoft visual studio 10.0\vc\include\xlocinfo(93): error C2143: syntax error : missing ';' before '{'
     1>c:\program files (x86)\microsoft visual studio 10.0\vc\include\xlocinfo(95): error C2143: syntax error : missing ';' before '}'
     1>c:\program files (x86)\microsoft visual studio 10.0\vc\include\xlocinfo(99): error C2143: syntax error : missing ';' before '{'
     1>c:\program files (x86)\microsoft visual studio 10.0\vc\include\xlocinfo(102): error C2065: '_Cat' : undeclared identifier
     1>c:\program files (x86)\microsoft visual studio 10.0\vc\include\xlocinfo(102): error C2065: '_Pch' : undeclared identifier
     1>c:\program files (x86)\microsoft visual studio 10.0\vc\include\xlocinfo(102): error C2143: syntax error : missing ',' before ')'
     1>c:\program files (x86)\microsoft visual studio 10.0\vc\include\xlocinfo(103): error C2143: syntax error : missing ';' before '}'
     1>c:\program files (x86)\microsoft visual studio 10.0\vc\include\xlocinfo(107): error C2143: syntax error : missing ';' before '{'
     1>c:\program files (x86)\microsoft visual studio 10.0\vc\include\xlocinfo(109): error C2143: syntax error : missing ';' before '}'
     1>c:\program files (x86)\microsoft visual studio 10.0\vc\include\xlocinfo(112): error C2143: syntax error : missing ';' before '{'
     1>c:\program files (x86)\microsoft visual studio 10.0\vc\include\xlocinfo(113): error C2039: '_Getcoll' : is not a member of '`global namespace''
     1>c:\program files (x86)\microsoft visual studio 10.0\vc\include\xlocinfo(114): error C2143: syntax error : missing ';' before '}'
     1>c:\program files (x86)\microsoft visual studio 10.0\vc\include\xlocinfo(117): error C2143: syntax error : missing ';' before '{'
     1>c:\program files (x86)\microsoft visual studio 10.0\vc\include\xlocinfo(118): error C2039: '_Getctype' : is not a member of '`global namespace''
     1>c:\program files (x86)\microsoft visual studio 10.0\vc\include\xlocinfo(119): error C2143: syntax error : missing ';' before '}'
     1>c:\program files (x86)\microsoft visual studio 10.0\vc\include\xlocinfo(122): error C2143: syntax error : missing ';' before '{'
     1>c:\program files (x86)\microsoft visual studio 10.0\vc\include\xlocinfo(123): error C2039: '_Getcvt' : is not a member of '`global namespace''
     1>c:\program files (x86)\microsoft visual studio 10.0\vc\include\xlocinfo(123): fatal error C1003: error count exceeds 100; stopping compilation
         Generating Code...
         Compiling...
         GKSCircle.cpp
     1>d:\studium\grafikprogrammierung\projekt\gitreps\grafikproggen\graphics\drawable.h(14): warning C4227: anachronism used : qualifiers on reference are ignored
     1>d:\studium\grafikprogrammierung\projekt\gitreps\grafikproggen\graphics\drawable.h(15): warning C4227: anachronism used : qualifiers on reference are ignored
     1>d:\studium\grafikprogrammierung\projekt\gitreps\grafikproggen\graphics\drawable.h(16): warning C4227: anachronism used : qualifiers on reference are ignored
     1>d:\studium\grafikprogrammierung\projekt\gitreps\grafikproggen\graphics\gkspoint.h(16): warning C4227: anachronism used : qualifiers on reference are ignored
     1>d:\studium\grafikprogrammierung\projekt\gitreps\grafikproggen\graphics\gkspoint.h(17): warning C4227: anachronism used : qualifiers on reference are ignored
     1>d:\studium\grafikprogrammierung\projekt\gitreps\grafikproggen\graphics\gkspoint.h(18): warning C4227: anachronism used : qualifiers on reference are ignored
     1>d:\studium\grafikprogrammierung\projekt\gitreps\grafikproggen\graphics\gkspoint.h(18): warning C4373: 'CGKSPoint::scale': virtual function overrides 'Drawable::scale', previous versions of the compiler did not override when parameters only differed by const/volatile qualifiers
                 d:\studium\grafikprogrammierung\projekt\gitreps\grafikproggen\graphics\drawable.h(16) : see declaration of 'Drawable::scale'
     1>d:\studium\grafikprogrammierung\projekt\gitreps\grafikproggen\graphics\gkscircle.h(12): warning C4227: anachronism used : qualifiers on reference are ignored
     1>d:\studium\grafikprogrammierung\projekt\gitreps\grafikproggen\graphics\gkscircle.h(13): warning C4227: anachronism used : qualifiers on reference are ignored
     1>d:\studium\grafikprogrammierung\projekt\gitreps\grafikproggen\graphics\gkscircle.h(14): warning C4227: anachronism used : qualifiers on reference are ignored
     1>d:\studium\grafikprogrammierung\projekt\gitreps\grafikproggen\graphics\gkscircle.h(14): warning C4373: 'CGKSCircle::scale': virtual function overrides 'Drawable::scale', previous versions of the compiler did not override when parameters only differed by const/volatile qualifiers
                 d:\studium\grafikprogrammierung\projekt\gitreps\grafikproggen\graphics\drawable.h(16) : see declaration of 'Drawable::scale'
         Generating Code...
         Compiling...
         GKSPoint.cpp
     1>d:\studium\grafikprogrammierung\projekt\gitreps\grafikproggen\graphics\drawable.h(14): warning C4227: anachronism used : qualifiers on reference are ignored
     1>d:\studium\grafikprogrammierung\projekt\gitreps\grafikproggen\graphics\drawable.h(15): warning C4227: anachronism used : qualifiers on reference are ignored
     1>d:\studium\grafikprogrammierung\projekt\gitreps\grafikproggen\graphics\drawable.h(16): warning C4227: anachronism used : qualifiers on reference are ignored
     1>d:\studium\grafikprogrammierung\projekt\gitreps\grafikproggen\graphics\gkspoint.h(16): warning C4227: anachronism used : qualifiers on reference are ignored
     1>d:\studium\grafikprogrammierung\projekt\gitreps\grafikproggen\graphics\gkspoint.h(17): warning C4227: anachronism used : qualifiers on reference are ignored
     1>d:\studium\grafikprogrammierung\projekt\gitreps\grafikproggen\graphics\gkspoint.h(18): warning C4227: anachronism used : qualifiers on reference are ignored
     1>d:\studium\grafikprogrammierung\projekt\gitreps\grafikproggen\graphics\gkspoint.h(18): warning C4373: 'CGKSPoint::scale': virtual function overrides 'Drawable::scale', previous versions of the compiler did not override when parameters only differed by const/volatile qualifiers
                 d:\studium\grafikprogrammierung\projekt\gitreps\grafikproggen\graphics\drawable.h(16) : see declaration of 'Drawable::scale'
     1>d:\studium\grafikprogrammierung\projekt\gitreps\grafikproggen\graphics\gkspoint.cpp(39): warning C4227: anachronism used : qualifiers on reference are ignored
     1>d:\studium\grafikprogrammierung\projekt\gitreps\grafikproggen\graphics\gkspoint.cpp(45): warning C4227: anachronism used : qualifiers on reference are ignored
     1>d:\studium\grafikprogrammierung\projekt\gitreps\grafikproggen\graphics\gkspoint.cpp(51): warning C4227: anachronism used : qualifiers on reference are ignored
         GKSLine.cpp
     1>d:\studium\grafikprogrammierung\projekt\gitreps\grafikproggen\graphics\drawable.h(14): warning C4227: anachronism used : qualifiers on reference are ignored
     1>d:\studium\grafikprogrammierung\projekt\gitreps\grafikproggen\graphics\drawable.h(15): warning C4227: anachronism used : qualifiers on reference are ignored
     1>d:\studium\grafikprogrammierung\projekt\gitreps\grafikproggen\graphics\drawable.h(16): warning C4227: anachronism used : qualifiers on reference are ignored
     1>d:\studium\grafikprogrammierung\projekt\gitreps\grafikproggen\graphics\gksline.h(12): warning C4227: anachronism used : qualifiers on reference are ignored
     1>d:\studium\grafikprogrammierung\projekt\gitreps\grafikproggen\graphics\gksline.h(13): warning C4227: anachronism used : qualifiers on reference are ignored
     1>d:\studium\grafikprogrammierung\projekt\gitreps\grafikproggen\graphics\gksline.h(14): warning C4227: anachronism used : qualifiers on reference are ignored
     1>d:\studium\grafikprogrammierung\projekt\gitreps\grafikproggen\graphics\gksline.h(14): warning C4373: 'CGKSLine::scale': virtual function overrides 'Drawable::scale', previous versions of the compiler did not override when parameters only differed by const/volatile qualifiers
                 d:\studium\grafikprogrammierung\projekt\gitreps\grafikproggen\graphics\drawable.h(16) : see declaration of 'Drawable::scale'
     1>d:\studium\grafikprogrammierung\projekt\gitreps\grafikproggen\graphics\gkspoint.h(16): warning C4227: anachronism used : qualifiers on reference are ignored
     1>d:\studium\grafikprogrammierung\projekt\gitreps\grafikproggen\graphics\gkspoint.h(17): warning C4227: anachronism used : qualifiers on reference are ignored
     1>d:\studium\grafikprogrammierung\projekt\gitreps\grafikproggen\graphics\gkspoint.h(18): warning C4227: anachronism used : qualifiers on reference are ignored
     1>d:\studium\grafikprogrammierung\projekt\gitreps\grafikproggen\graphics\gkspoint.h(18): warning C4373: 'CGKSPoint::scale': virtual function overrides 'Drawable::scale', previous versions of the compiler did not override when parameters only differed by const/volatile qualifiers
                 d:\studium\grafikprogrammierung\projekt\gitreps\grafikproggen\graphics\drawable.h(16) : see declaration of 'Drawable::scale'
     1>d:\studium\grafikprogrammierung\projekt\gitreps\grafikproggen\graphics\gksline.cpp(25): warning C4227: anachronism used : qualifiers on reference are ignored
     1>d:\studium\grafikprogrammierung\projekt\gitreps\grafikproggen\graphics\gksline.cpp(32): warning C4227: anachronism used : qualifiers on reference are ignored
     1>d:\studium\grafikprogrammierung\projekt\gitreps\grafikproggen\graphics\gksline.cpp(38): warning C4227: anachronism used : qualifiers on reference are ignored
         GKSDrawable.cpp
     1>d:\studium\grafikprogrammierung\projekt\gitreps\grafikproggen\graphics\drawable.h(14): warning C4227: anachronism used : qualifiers on reference are ignored
     1>d:\studium\grafikprogrammierung\projekt\gitreps\grafikproggen\graphics\drawable.h(15): warning C4227: anachronism used : qualifiers on reference are ignored
     1>d:\studium\grafikprogrammierung\projekt\gitreps\grafikproggen\graphics\drawable.h(16): warning C4227: anachronism used : qualifiers on reference are ignored
         Generating Code...
     1>Done Building Project "D:\Studium\Grafikprogrammierung\Projekt\gitreps\Grafikproggen\Graphics\Graphics.vcxproj" (build target(s)) -- FAILED.

Build FAILED.

Time Elapsed 00:00:05.17
