Build started 4/20/2013 11:39:37 PM.
     1>Project "D:\Studium\Grafikprogrammierung\Projekt\gitreps\Testproject\TestProject\TestProject.vcxproj" on node 3 (rebuild target(s)).
     1>_PrepareForClean:
         Deleting file "Debug\TestProject.lastbuildstate".
       InitializeBuildStatus:
         Touching "Debug\TestProject.unsuccessfulbuild".
       ClCompile:
         C:\Program Files (x86)\Microsoft Visual Studio 10.0\VC\bin\CL.exe /c /IS:\Grafikprogrammierung\Projekt\gitreps\fh_grafikprog\Helper\Helper /ZI /nologo /W3 /WX- /Od /Oy- /D WIN32 /D _DEBUG /D _CONSOLE /D _UNICODE /D UNICODE /D _AFXDLL /Gm /EHsc /RTC1 /MDd /GS /fp:precise /Zc:wchar_t /Zc:forScope /Yc"StdAfx.h" /Fp"Debug\TestProject.pch" /Fo"Debug\\" /Fd"Debug\vc100.pdb" /Gd /TP /analyze- /errorReport:prompt stdafx.cpp
         stdafx.cpp
         C:\Program Files (x86)\Microsoft Visual Studio 10.0\VC\bin\CL.exe /c /IS:\Grafikprogrammierung\Projekt\gitreps\fh_grafikprog\Helper\Helper /ZI /nologo /W3 /WX- /Od /Oy- /D WIN32 /D _DEBUG /D _CONSOLE /D _UNICODE /D UNICODE /D _AFXDLL /Gm /EHsc /RTC1 /MDd /GS /fp:precise /Zc:wchar_t /Zc:forScope /Yu"StdAfx.h" /Fp"Debug\TestProject.pch" /Fo"Debug\\" /Fd"Debug\vc100.pdb" /Gd /TP /analyze- /errorReport:prompt TestProject.cpp
         TestProject.cpp
     1>d:\studium\grafikprogrammierung\projekt\gitreps\fh_grafikprog\drawable.h(16): warning C4227: anachronism used : qualifiers on reference are ignored
     1>d:\studium\grafikprogrammierung\projekt\gitreps\fh_grafikprog\drawable.h(17): warning C4227: anachronism used : qualifiers on reference are ignored
     1>d:\studium\grafikprogrammierung\projekt\gitreps\fh_grafikprog\drawable.h(18): warning C4227: anachronism used : qualifiers on reference are ignored
     1>d:\studium\grafikprogrammierung\projekt\gitreps\testproject\testproject\testproject.cpp(58): warning C4244: 'argument' : conversion from 'float' to 'int', possible loss of data
     1>d:\studium\grafikprogrammierung\projekt\gitreps\testproject\testproject\testproject.cpp(58): warning C4244: 'argument' : conversion from 'float' to 'int', possible loss of data
       ManifestResourceCompile:
         C:\Program Files (x86)\Microsoft SDKs\Windows\v7.0A\bin\rc.exe /nologo /fo"Debug\TestProject.exe.embed.manifest.res" Debug\TestProject_manifest.rc 
       Link:
         C:\Program Files (x86)\Microsoft Visual Studio 10.0\VC\bin\link.exe /ERRORREPORT:PROMPT /OUT:"D:\Studium\Grafikprogrammierung\Projekt\gitreps\fh_grafikprog\Debug\TestProject.exe" /INCREMENTAL /NOLOGO /MANIFEST /ManifestFile:"Debug\TestProject.exe.intermediate.manifest" /MANIFESTUAC:"level='asInvoker' uiAccess='false'" /DEBUG /PDB:"D:\Studium\Grafikprogrammierung\Projekt\gitreps\fh_grafikprog\Debug\TestProject.pdb" /SUBSYSTEM:CONSOLE /TLBID:1 /DYNAMICBASE /NXCOMPAT /IMPLIB:"D:\Studium\Grafikprogrammierung\Projekt\gitreps\fh_grafikprog\Debug\TestProject.lib" /MACHINE:X86 Debug\TestProject.exe.embed.manifest.res
         Debug\stdafx.obj
         Debug\TestProject.obj
     1>TestProject.obj : error LNK2019: unresolved external symbol "public: __thiscall CPunkt::~CPunkt(void)" (??1CPunkt@@QAE@XZ) referenced in function _wmain
     1>TestProject.obj : error LNK2019: unresolved external symbol "public: __thiscall CVector::~CVector(void)" (??1CVector@@QAE@XZ) referenced in function _wmain
     1>TestProject.obj : error LNK2019: unresolved external symbol "class CVector __cdecl operator*(class CMatrix,class CVector)" (??D@YA?AVCVector@@VCMatrix@@V0@@Z) referenced in function _wmain
     1>TestProject.obj : error LNK2019: unresolved external symbol "class CVector __cdecl operator+(class CMatrix,class CVector)" (??H@YA?AVCVector@@VCMatrix@@V0@@Z) referenced in function _wmain
     1>TestProject.obj : error LNK2019: unresolved external symbol "public: __thiscall CVector::CVector(int,float * const)" (??0CVector@@QAE@HQAM@Z) referenced in function _wmain
     1>TestProject.obj : error LNK2019: unresolved external symbol "public: static class CMatrix __cdecl CMatrixFactory::createScalingMatrix(int,int)" (?createScalingMatrix@CMatrixFactory@@SA?AVCMatrix@@HH@Z) referenced in function _wmain
     1>TestProject.obj : error LNK2019: unresolved external symbol "public: static class CMatrix __cdecl CMatrixFactory::createRotatingMatrix(int)" (?createRotatingMatrix@CMatrixFactory@@SA?AVCMatrix@@H@Z) referenced in function _wmain
     1>TestProject.obj : error LNK2019: unresolved external symbol "public: static class CMatrix __cdecl CMatrixFactory::createMovingMatrix(int,int)" (?createMovingMatrix@CMatrixFactory@@SA?AVCMatrix@@HH@Z) referenced in function _wmain
     1>TestProject.obj : error LNK2019: unresolved external symbol "public: static class CVector __cdecl CMatrixFactory::createHomogeneousCoordinates(int,int)" (?createHomogeneousCoordinates@CMatrixFactory@@SA?AVCVector@@HH@Z) referenced in function _wmain
     1>TestProject.obj : error LNK2019: unresolved external symbol "public: __thiscall CVector::CVector(int)" (??0CVector@@QAE@H@Z) referenced in function _wmain
     1>TestProject.obj : error LNK2019: unresolved external symbol "public: float __thiscall CPunkt::get_y(void)const " (?get_y@CPunkt@@QBEMXZ) referenced in function _wmain
     1>TestProject.obj : error LNK2019: unresolved external symbol "public: float __thiscall CPunkt::get_x(void)const " (?get_x@CPunkt@@QBEMXZ) referenced in function _wmain
     1>TestProject.obj : error LNK2019: unresolved external symbol "public: __thiscall CPunkt::CPunkt(float,float)" (??0CPunkt@@QAE@MM@Z) referenced in function _wmain
     1>TestProject.obj : error LNK2019: unresolved external symbol "public: __thiscall CMatrix::~CMatrix(void)" (??1CMatrix@@QAE@XZ) referenced in function _wmain
     1>TestProject.obj : error LNK2019: unresolved external symbol "class CMatrix __cdecl operator*(class CMatrix,class CMatrix)" (??D@YA?AVCMatrix@@V0@0@Z) referenced in function _wmain
     1>TestProject.obj : error LNK2019: unresolved external symbol "public: void __thiscall CMatrix::setMatrix(float * const,int)" (?setMatrix@CMatrix@@QAEXQAMH@Z) referenced in function _wmain
     1>TestProject.obj : error LNK2019: unresolved external symbol "public: virtual void __thiscall CMatrix::setElement(int,int,int)" (?setElement@CMatrix@@UAEXHHH@Z) referenced in function _wmain
     1>TestProject.obj : error LNK2019: unresolved external symbol "public: int __thiscall CMatrix::getRowCount(void)const " (?getRowCount@CMatrix@@QBEHXZ) referenced in function _wmain
     1>TestProject.obj : error LNK2019: unresolved external symbol "public: int __thiscall CMatrix::getColumnCount(void)const " (?getColumnCount@CMatrix@@QBEHXZ) referenced in function _wmain
     1>TestProject.obj : error LNK2019: unresolved external symbol "public: __thiscall CMatrix::CMatrix(int,int,float)" (??0CMatrix@@QAE@HHM@Z) referenced in function _wmain
     1>TestProject.obj : error LNK2019: unresolved external symbol "public: float __thiscall CMatrix::getValueAt(int,int)const " (?getValueAt@CMatrix@@QBEMHH@Z) referenced in function "void __cdecl printMatrix(class CMatrix)" (?printMatrix@@YAXVCMatrix@@@Z)
     1>D:\Studium\Grafikprogrammierung\Projekt\gitreps\fh_grafikprog\Debug\TestProject.exe : fatal error LNK1120: 21 unresolved externals
     1>Done Building Project "D:\Studium\Grafikprogrammierung\Projekt\gitreps\Testproject\TestProject\TestProject.vcxproj" (rebuild target(s)) -- FAILED.

Build FAILED.

Time Elapsed 00:00:02.37
